06-11 18:02:02.658003 [INFO] login.py:37 | 开始初始化窗口
06-11 18:02:02.663910 [INFO] login.py:44 | 窗口初始化完成
06-11 18:02:16.452109 [INFO] login.py:82 | 开始登录
06-11 18:02:16.463897 [INFO] login.py:116 | 登录成功
06-11 18:02:16.464860 [INFO] login.py:118 | 下次自动登录
06-11 18:02:16.511192 [INFO] login.py:148 | 加密成功
06-11 18:02:16.552946 [INFO] login.py:129 | 登录成功
06-11 18:07:47.635468 [INFO] login.py:37 | 开始初始化窗口
06-11 18:07:47.638515 [INFO] login.py:44 | 窗口初始化完成
06-11 18:23:34.567347 [INFO] login.py:37 | 开始初始化窗口
06-11 18:23:34.570453 [INFO] login.py:44 | 窗口初始化完成
06-11 18:24:51.539442 [INFO] login.py:37 | 开始初始化窗口
06-11 18:24:51.543329 [INFO] login.py:44 | 窗口初始化完成
06-11 18:25:42.930390 [INFO] login.py:37 | 开始初始化窗口
06-11 18:25:42.933302 [INFO] login.py:44 | 窗口初始化完成
06-11 18:26:52.675098 [INFO] login.py:37 | 开始初始化窗口
06-11 18:26:52.678063 [INFO] login.py:44 | 窗口初始化完成
06-11 18:30:19.330696 [INFO] login.py:37 | 开始初始化窗口
06-11 18:30:19.333620 [INFO] login.py:44 | 窗口初始化完成
06-11 18:30:25.906855 [INFO] login.py:82 | 开始登录
06-11 18:30:25.911093 [INFO] login.py:116 | 登录成功
06-11 18:30:25.912065 [INFO] login.py:118 | 下次自动登录
06-11 18:30:25.915959 [INFO] login.py:148 | 加密成功
06-11 18:30:25.955844 [INFO] login.py:129 | 登录成功
06-11 18:39:24.386399 [INFO] login.py:37 | 开始初始化窗口
06-11 18:39:24.389320 [INFO] login.py:44 | 窗口初始化完成
06-11 18:39:31.120226 [INFO] login.py:82 | 开始登录
06-11 18:39:31.127136 [INFO] login.py:116 | 登录成功
06-11 18:39:31.127136 [INFO] login.py:121 | 下次不自动登录
06-11 18:39:31.165014 [INFO] login.py:129 | 登录成功
06-11 21:30:21.657251 [INFO] login.py:37 | 开始初始化窗口
06-11 21:30:21.663110 [INFO] login.py:44 | 窗口初始化完成
06-11 21:53:25.733388 [INFO] login.py:37 | 开始初始化窗口
06-11 21:53:25.736300 [INFO] login.py:44 | 窗口初始化完成
06-11 21:53:37.008409 [INFO] login.py:82 | 开始登录
06-11 21:53:37.020147 [INFO] login.py:116 | 登录成功
06-11 21:53:37.020147 [INFO] login.py:118 | 下次自动登录
06-11 21:53:37.030174 [INFO] login.py:148 | 加密成功
06-11 21:53:37.072286 [INFO] login.py:129 | 登录成功
06-11 21:55:25.132235 [INFO] login.py:37 | 开始初始化窗口
06-11 21:55:25.135153 [INFO] login.py:44 | 窗口初始化完成
06-11 21:55:31.557707 [INFO] login.py:82 | 开始登录
06-11 21:55:31.563168 [INFO] login.py:116 | 登录成功
06-11 21:55:31.563168 [INFO] login.py:121 | 下次不自动登录
06-11 21:55:31.604104 [INFO] login.py:129 | 登录成功
06-11 21:56:01.175166 [INFO] login.py:37 | 开始初始化窗口
06-11 21:56:01.178086 [INFO] login.py:44 | 窗口初始化完成
06-11 21:56:07.567117 [INFO] login.py:82 | 开始登录
06-11 21:56:07.571257 [INFO] login.py:116 | 登录成功
06-11 21:56:07.572231 [INFO] login.py:121 | 下次不自动登录
06-11 21:56:07.609185 [INFO] login.py:129 | 登录成功
06-11 21:56:24.602803 [INFO] login.py:37 | 开始初始化窗口
06-11 21:56:24.605730 [INFO] login.py:44 | 窗口初始化完成
06-11 21:56:29.841977 [INFO] login.py:82 | 开始登录
06-11 21:56:29.846846 [INFO] login.py:116 | 登录成功
06-11 21:56:29.846846 [INFO] login.py:121 | 下次不自动登录
06-11 21:56:29.892542 [INFO] login.py:129 | 登录成功
06-11 21:58:12.618756 [INFO] login.py:37 | 开始初始化窗口
06-11 21:58:12.621774 [INFO] login.py:44 | 窗口初始化完成
06-11 21:58:19.131892 [INFO] login.py:82 | 开始登录
06-11 21:58:19.135851 [INFO] login.py:116 | 登录成功
06-11 21:58:19.135851 [INFO] login.py:121 | 下次不自动登录
06-11 21:58:19.178898 [INFO] login.py:129 | 登录成功
06-11 22:11:41.725839 [INFO] login.py:37 | 开始初始化窗口
06-11 22:11:41.731075 [INFO] login.py:44 | 窗口初始化完成
06-11 22:11:48.413812 [INFO] login.py:82 | 开始登录
06-11 22:11:48.419870 [INFO] login.py:116 | 登录成功
06-11 22:11:48.419870 [INFO] login.py:121 | 下次不自动登录
06-11 22:11:48.467860 [INFO] login.py:129 | 登录成功
06-11 22:12:49.839726 [INFO] login.py:37 | 开始初始化窗口
06-11 22:12:49.843620 [INFO] login.py:44 | 窗口初始化完成
06-11 22:12:55.645956 [INFO] login.py:82 | 开始登录
06-11 22:12:55.649854 [INFO] login.py:116 | 登录成功
06-11 22:12:55.650827 [INFO] login.py:121 | 下次不自动登录
06-11 22:12:55.689794 [INFO] login.py:129 | 登录成功
06-11 22:18:20.238503 [INFO] login.py:37 | 开始初始化窗口
06-11 22:18:20.240450 [INFO] login.py:44 | 窗口初始化完成
06-11 22:18:25.003747 [INFO] login.py:82 | 开始登录
06-11 22:18:25.008588 [INFO] login.py:116 | 登录成功
06-11 22:18:25.008588 [INFO] login.py:121 | 下次不自动登录
06-11 22:18:25.051694 [INFO] login.py:129 | 登录成功
06-11 22:30:11.315494 [INFO] login.py:37 | 开始初始化窗口
06-11 22:30:11.318415 [INFO] login.py:44 | 窗口初始化完成
06-11 22:30:16.827443 [INFO] login.py:82 | 开始登录
06-11 22:30:16.832310 [INFO] login.py:116 | 登录成功
06-11 22:30:16.832310 [INFO] login.py:121 | 下次不自动登录
06-11 22:30:16.870440 [INFO] login.py:129 | 登录成功
06-11 22:32:21.692303 [INFO] login.py:37 | 开始初始化窗口
06-11 22:32:21.695272 [INFO] login.py:44 | 窗口初始化完成
06-11 22:32:30.393263 [INFO] login.py:82 | 开始登录
06-11 22:32:30.398374 [INFO] login.py:116 | 登录成功
06-11 22:32:30.398374 [INFO] login.py:121 | 下次不自动登录
06-11 22:32:30.434480 [INFO] login.py:129 | 登录成功
06-11 22:33:50.282829 [INFO] login.py:37 | 开始初始化窗口
06-11 22:33:50.285371 [INFO] login.py:44 | 窗口初始化完成
06-11 22:33:55.985151 [INFO] login.py:82 | 开始登录
06-11 22:33:55.989038 [INFO] login.py:116 | 登录成功
06-11 22:33:55.989038 [INFO] login.py:121 | 下次不自动登录
06-11 22:33:56.027317 [INFO] login.py:129 | 登录成功
06-11 22:36:03.004838 [INFO] login.py:37 | 开始初始化窗口
06-11 22:36:03.007759 [INFO] login.py:44 | 窗口初始化完成
06-11 22:36:07.766738 [INFO] login.py:82 | 开始登录
06-11 22:36:07.770187 [INFO] login.py:116 | 登录成功
06-11 22:36:07.770187 [INFO] login.py:121 | 下次不自动登录
06-11 22:36:07.807895 [INFO] login.py:129 | 登录成功
06-11 22:40:03.990563 [INFO] login.py:37 | 开始初始化窗口
06-11 22:40:03.993647 [INFO] login.py:44 | 窗口初始化完成
06-11 22:40:11.022682 [INFO] login.py:82 | 开始登录
06-11 22:40:11.027549 [INFO] login.py:116 | 登录成功
06-11 22:40:11.027549 [INFO] login.py:121 | 下次不自动登录
06-11 22:40:11.059455 [INFO] login.py:129 | 登录成功
06-11 22:41:37.571632 [INFO] login.py:37 | 开始初始化窗口
06-11 22:41:37.573579 [INFO] login.py:44 | 窗口初始化完成
06-11 22:41:44.176608 [INFO] login.py:82 | 开始登录
06-11 22:41:44.180598 [INFO] login.py:116 | 登录成功
06-11 22:41:44.180598 [INFO] login.py:121 | 下次不自动登录
06-11 22:41:44.220749 [INFO] login.py:129 | 登录成功
